#-----------------------------------------------------------
# Vivado v2024.2 (64-bit)
# SW Build 5239630 on Fri Nov 08 22:35:27 MST 2024
# IP Build 5239520 on Sun Nov 10 16:12:51 MST 2024
# SharedData Build 5239561 on Fri Nov 08 14:39:27 MST 2024
# Start of session at: Tue May 27 19:15:09 2025
# Process ID         : 11764
# Current directory  : D:/facultate/anul 2/sem2/sdic/proj_pingpong
# Command line       : vivado.exe -gui_launcher_event rodinguilauncherevent23344 D:\facultate\anul 2\sem2\sdic\proj_pingpong\proj_pingpong.xpr
# Log file           : D:/facultate/anul 2/sem2/sdic/proj_pingpong/vivado.log
# Journal file       : D:/facultate/anul 2/sem2/sdic/proj_pingpong\vivado.jou
# Running On         : DESKTOP-FIMMBIG
# Platform           : Windows Server 2016 or Windows 10
# Operating System   : 26100
# Processor Detail   : 11th Gen Intel(R) Core(TM) i7-1165G7 @ 2.80GHz
# CPU Frequency      : 2803 MHz
# CPU Physical cores : 4
# CPU Logical cores  : 8
# Host memory        : 16934 MB
# Swap memory        : 2818 MB
# Total Virtual      : 19753 MB
# Available Virtual  : 10384 MB
#-----------------------------------------------------------
start_gui
open_project {D:/facultate/anul 2/sem2/sdic/proj_pingpong/proj_pingpong.xpr}
INFO: [filemgmt 56-3] Default IP Output Path : Could not find the directory 'D:/facultate/anul 2/sem2/sdic/proj_pingpong/proj_pingpong.gen/sources_1'.
Scanning sources...
Finished scanning sources
INFO: [IP_Flow 19-234] Refreshing IP repositories
INFO: [IP_Flow 19-1704] No user IP repositories specified
INFO: [IP_Flow 19-2313] Loaded Vivado IP repository 'C:/Xilinx/Vivado/2024.2/data/ip'.
update_compile_order -fileset sources_1
reset_run synth_1
launch_runs impl_1 -to_step write_bitstream -jobs 4
[Tue May 27 19:15:49 2025] Launched synth_1...
Run output will be captured here: D:/facultate/anul 2/sem2/sdic/proj_pingpong/proj_pingpong.runs/synth_1/runme.log
[Tue May 27 19:15:50 2025] Launched impl_1...
Run output will be captured here: D:/facultate/anul 2/sem2/sdic/proj_pingpong/proj_pingpong.runs/impl_1/runme.log
open_hw_manager
exit
INFO: [Common 17-206] Exiting Vivado at Tue May 27 19:19:24 2025...
